27-May-2024 10:24:25.237 SEVERE [http-nio-8080-exec-6] org.apache.catalina.core.StandardWrapperValve.invoke Servlet.service() for servlet [OCRServlet] in context with path [/OCRProject] threw exception [Servlet execution threw an exception] with root cause
	java.lang.ExceptionInInitializerError: Exception java.lang.UnsatisfiedLinkError: Unable to load library 'tesseract':
libtesseract.so: cannot open shared object file: No such file or directory
libtesseract.so: cannot open shared object file: No such file or directory
Native library (linux-x86-64/libtesseract.so) not found in resource path ([file:/home/ec2-user/SiteEditImage/opt/apache-tomcat-10.1.24/webapps/OCRProject/WEB-INF/classes/, file:/home/ec2-user/SiteEditImage/opt/apache-tomcat-10.1.24/webapps/OCRProject/WEB-INF/lib/tess4j-5.4.0.jar, file:/home/ec2-user/SiteEditImage/opt/apache-tomcat-10.1.24/webapps/OCRProject/WEB-INF/lib/jai-imageio-core-1.4.0.jar, file:/home/ec2-user/SiteEditImage/opt/apache-tomcat-10.1.24/webapps/OCRProject/WEB-INF/lib/pdfbox-2.0.26.jar, file:/home/ec2-user/SiteEditImage/opt/apache-tomcat-10.1.24/webapps/OCRProject/WEB-INF/lib/fontbox-2.0.26.jar, file:/home/ec2-user/SiteEditImage/opt/apache-tomcat-10.1.24/webapps/OCRProject/WEB-INF/lib/commons-logging-1.2.jar, file:/home/ec2-user/SiteEditImage/opt/apache-tomcat-10.1.24/webapps/OCRProject/WEB-INF/lib/pdfbox-tools-2.0.26.jar, file:/home/ec2-user/SiteEditImage/opt/apache-tomcat-10.1.24/webapps/OCRProject/WEB-INF/lib/pdfbox-debugger-2.0.26.jar, file:/home/ec2-user/SiteEditImage/opt/apache-tomcat-10.1.24/webapps/OCRProject/WEB-INF/lib/jbig2-imageio-3.0.4.jar, file:/home/ec2-user/SiteEditImage/opt/apache-tomcat-10.1.24/webapps/OCRProject/WEB-INF/lib/lept4j-1.16.2.jar, file:/home/ec2-user/SiteEditImage/opt/apache-tomcat-10.1.24/webapps/OCRProject/WEB-INF/lib/jboss-vfs-3.2.17.Final.jar, file:/home/ec2-user/SiteEditImage/opt/apache-tomcat-10.1.24/webapps/OCRProject/WEB-INF/lib/jboss-logging-3.1.4.GA.jar, file:/home/ec2-user/SiteEditImage/opt/apache-tomcat-10.1.24/webapps/OCRProject/WEB-INF/lib/slf4j-api-1.7.36.jar, file:/home/ec2-user/SiteEditImage/opt/apache-tomcat-10.1.24/webapps/OCRProject/WEB-INF/lib/jakarta.servlet.jsp.jstl-2.0.0.jar, file:/home/ec2-user/SiteEditImage/opt/apache-tomcat-10.1.24/webapps/OCRProject/WEB-INF/lib/jakarta.servlet.jsp.jstl-api-2.0.0.jar, file:/
		at com.sun.jna.NativeLibrary.loadLibrary(NativeLibrary.java:307)
		at com.sun.jna.NativeLibrary.getInstance(NativeLibrary.java:467)
		at com.sun.jna.Library$Handler.<init>(Library.java:192)
		at com.sun.jna.Native.load(Native.java:622)
		at com.sun.jna.Native.load(Native.java:596)
		at net.sourceforge.tess4j.util.LoadLibs.getTessAPIInstance(LoadLibs.java:83)
		at net.sourceforge.tess4j.TessAPI.<clinit>(TessAPI.java:42)
		at net.sourceforge.tess4j.Tesseract.init(Tesseract.java:442)
		at net.sourceforge.tess4j.Tesseract.doOCR(Tesseract.java:238)
		at net.sourceforge.tess4j.Tesseract.doOCR(Tesseract.java:210)
		at servlets.OCRServlet.doPost(OCRServlet.java:82)
		at jakarta.servlet.http.HttpServlet.service(HttpServlet.java:590)
		at jakarta.servlet.http.HttpServlet.service(HttpServlet.java:658)
		at org.apache.catalina.core.ApplicationFilterChain.internalDoFilter(ApplicationFilterChain.java:195)
		at org.apache.catalina.core.ApplicationFilterChain.doFilter(ApplicationFilterChain.java:140)
		at org.apache.tomcat.websocket.server.WsFilter.doFilter(WsFilter.java:51)
		at org.apache.catalina.core.ApplicationFilterChain.internalDoFilter(ApplicationFilterChain.java:164)
		at org.apache.catalina.core.ApplicationFilterChain.doFilter(ApplicationFilterChain.java:140)
		at org.apache.catalina.core.StandardWrapperValve.invoke(StandardWrapperValve.java:167)
		at org.apache.catalina.core.StandardContextValve.invoke(StandardContextValve.java:90)
		at org.apache.catalina.authenticator.AuthenticatorBase.invoke(AuthenticatorBase.java:482)
		at org.apache.catalina.core.StandardHostValve.invoke(StandardHostValve.java:115)
		at org.apache.catalina.valves.ErrorReportValve.invoke(ErrorReportValve.java:93)
		at org.apache.catalina.valves.AbstractAccessLogValve.invoke(AbstractAccessLogValve.java:663)
		at org.apache.catalina.core.StandardEngineValve.invoke(StandardEngineValve.java:74)
		at org.apache.catalina.connector.CoyoteAdapter.service(CoyoteAdapter.java:344)
		at org.apache.coyote.http11.Http11Processor.service(Http11Processor.java:389)
		at org.apache.coyote.AbstractProcessorLight.process(AbstractProcessorLight.java:63)
		at org.apache.coyote.AbstractProtocol$ConnectionHandler.process(AbstractProtocol.java:896)
		at org.apache.tomcat.util.net.NioEndpoint$SocketProcessor.doRun(NioEndpoint.java:1741)
		at org.apache.tomcat.util.net.SocketProcessorBase.run(SocketProcessorBase.java:52)
		at org.apache.tomcat.util.threads.ThreadPoolExecutor.runWorker(ThreadPoolExecutor.java:1190)
		at org.apache.tomcat.util.threads.ThreadPoolExecutor$Worker.run(ThreadPoolExecutor.java:659)
		at org.apache.tomcat.util.threads.TaskThread$WrappingRunnable.run(TaskThread.java:63)
		at java.base/java.lang.Thread.run(Thread.java:840)
